<testsuites tests="130" failures="0" disabled="0" time="10.448952">
  <testsuite tests="3" time="0.126293" errors="0" failures="0" skipped="0" timestamp="2020-02-14 06:33:01Z" name="HybridClientTests.dll.HybridClientTests.ActivationBrainTests.">
    <testcase name="TestHandleSendActivationInfoAddsHttps" assertions="2" time="0.118008" status="Passed" classname="HybridClientTests.ActivationBrainTests" />
    <testcase name="TestHandleSendActivationInfoCanUseHttp" assertions="2" time="0.001495" status="Passed" classname="HybridClientTests.ActivationBrainTests" />
    <testcase name="TestHandleSendActivationInfoCanUseHttps" assertions="2" time="0.001385" status="Passed" classname="HybridClientTests.ActivationBrainTests" />
  </testsuite>
  <testsuite tests="6" time="0.332230" errors="0" failures="0" skipped="0" timestamp="2020-02-14 06:33:01Z" name="HybridClientTests.dll.HybridClientTests.ActivationTests.">
    <testcase name="ActivateCanFailWithBadMessageResonse" assertions="6" time="0.142884" status="Passed" classname="HybridClientTests.ActivationTests" />
    <testcase name="ActivateCanFailWithBadPassphrase" assertions="5" time="0.023005" status="Passed" classname="HybridClientTests.ActivationTests" />
    <testcase name="ActivateCanSetResetFlagCorrectly" assertions="6" time="0.022186" status="Passed" classname="HybridClientTests.ActivationTests" />
    <testcase name="ActivationSendsAutoConfigAfterInit" assertions="3" time="0.120289" status="Passed" classname="HybridClientTests.ActivationTests" />
    <testcase name="GetActivationInfoErrosOnBadMessageResponse" assertions="3" time="0.012178" status="Passed" classname="HybridClientTests.ActivationTests" />
    <testcase name="GetActivationInfoSendEnterPassphraseForReset" assertions="3" time="0.011487" status="Passed" classname="HybridClientTests.ActivationTests" />
  </testsuite>
  <testsuite tests="6" time="0.576506" errors="0" failures="0" skipped="0" timestamp="2020-02-14 06:33:02Z" name="HybridClientTests.dll.HybridClientTests.CatalogTests.">
    <testcase name="CanParseArrayOfCatalogLocations" assertions="1" time="0.453893" status="Passed" classname="HybridClientTests.CatalogTests" />
    <testcase name="CanRecognizeNotAllFileIssuesResolved" assertions="4" time="0.063101" status="Passed" classname="HybridClientTests.CatalogTests" />
    <testcase name="CanSendVariousFileIssues" assertions="5" time="0.025847" status="Passed" classname="HybridClientTests.CatalogTests" />
    <testcase name="EmptyFileWithIssuesListSendsEmptyList" assertions="3" time="0.016091" status="Passed" classname="HybridClientTests.CatalogTests" />
    <testcase name="SendsFilesAtCallsProtectionService" assertions="1" time="0.011743" status="Passed" classname="HybridClientTests.CatalogTests" />
    <testcase name="SendsFilesAtDefaultsWorkCorrectly" assertions="5" time="0.005596" status="Passed" classname="HybridClientTests.CatalogTests" />
  </testsuite>
  <testsuite tests="14" time="0.184760" errors="0" failures="0" skipped="0" timestamp="2020-02-14 06:33:02Z" name="HybridClientTests.dll.HybridClientTests.ConnectionProtectionMessagingTests.">
    <testcase name="CanShowCatalogSyncCausedByClientMessage" assertions="4" time="0.015918" status="Passed" classname="HybridClientTests.ConnectionProtectionMessagingTests" />
    <testcase name="CanShowCatalogSyncCausedByServerMessage" assertions="4" time="0.011343" status="Passed" classname="HybridClientTests.ConnectionProtectionMessagingTests" />
    <testcase name="DeviceResetStateHasExplanationAfterReconnection" assertions="5" time="0.023706" status="Passed" classname="HybridClientTests.ConnectionProtectionMessagingTests" />
    <testcase name="DeviceStateChangesToReset" assertions="6" time="0.009942" status="Passed" classname="HybridClientTests.ConnectionProtectionMessagingTests" />
    <testcase name="EncryptingFiles" assertions="6" time="0.025793" status="Passed" classname="HybridClientTests.ConnectionProtectionMessagingTests" />
    <testcase name="FailsToSendOthersWhileCatalogSyncing" assertions="5" time="0.010418" status="Passed" classname="HybridClientTests.ConnectionProtectionMessagingTests" />
    <testcase name="FilesPendingProtection" assertions="4" time="0.010499" status="Passed" classname="HybridClientTests.ConnectionProtectionMessagingTests" />
    <testcase name="HandleRequestToUpdateConfigSuccess" assertions="4" time="0.009050" status="Passed" classname="HybridClientTests.ConnectionProtectionMessagingTests" />
    <testcase name="ProtectionCancelled" assertions="3" time="0.008830" status="Passed" classname="HybridClientTests.ConnectionProtectionMessagingTests" />
    <testcase name="ProtectionNoFilesFound" assertions="4" time="0.018921" status="Passed" classname="HybridClientTests.ConnectionProtectionMessagingTests" />
    <testcase name="ProtectionOutOfDate" assertions="4" time="0.011997" status="Passed" classname="HybridClientTests.ConnectionProtectionMessagingTests" />
    <testcase name="ProtectionServiceConnectivityChangesToOffline" assertions="3" time="0.009142" status="Passed" classname="HybridClientTests.ConnectionProtectionMessagingTests" />
    <testcase name="ProtectionServiceConnectivityChangesToOnline" assertions="3" time="0.009941" status="Passed" classname="HybridClientTests.ConnectionProtectionMessagingTests" />
    <testcase name="ProtectionServiceDies" assertions="4" time="0.008921" status="Passed" classname="HybridClientTests.ConnectionProtectionMessagingTests" />
  </testsuite>
  <testsuite tests="6" time="0.060540" errors="0" failures="0" skipped="0" timestamp="2020-02-14 06:33:03Z" name="HybridClientTests.dll.HybridClientTests.CurrentActivityTests.">
    <testcase name="CanGetScanTimes" assertions="4" time="0.013152" status="Passed" classname="HybridClientTests.CurrentActivityTests" />
    <testcase name="CanSendByteCountAndFileCount" assertions="4" time="0.010582" status="Passed" classname="HybridClientTests.CurrentActivityTests" />
    <testcase name="CurrentFileProcessingChangeTriggersAction" assertions="5" time="0.010976" status="Passed" classname="HybridClientTests.CurrentActivityTests" />
    <testcase name="FileProcessingStateChangeTriggersAction" assertions="5" time="0.008288" status="Passed" classname="HybridClientTests.CurrentActivityTests" />
    <testcase name="FilesRequiringProcessingChangeTriggersAction" assertions="6" time="0.009505" status="Passed" classname="HybridClientTests.CurrentActivityTests" />
    <testcase name="ScannerContextChangeTriggersAction" assertions="2" time="0.007849" status="Passed" classname="HybridClientTests.CurrentActivityTests" />
  </testsuite>
  <testsuite tests="2" time="0.307358" errors="0" failures="0" skipped="0" timestamp="2020-02-14 06:33:03Z" name="HybridClientTests.dll.HybridClientTests.DeviceProvisionedMonitorTests.">
    <testcase name="MonitoringStopsWhenDeviceIsProvisioned" assertions="3" time="0.154597" status="Passed" classname="HybridClientTests.DeviceProvisionedMonitorTests" />
    <testcase name="MonitoringStopsWhenNoButtonIsPressed" assertions="4" time="0.152518" status="Passed" classname="HybridClientTests.DeviceProvisionedMonitorTests" />
  </testsuite>
  <testsuite tests="3" time="5.330815" errors="0" failures="0" skipped="0" timestamp="2020-02-14 06:33:03Z" name="HybridClientTests.dll.HybridClientTests.InitializationTests.">
    <testcase name="DeviceNotProvisionedShowActivation" assertions="2" time="0.070176" status="Passed" classname="HybridClientTests.InitializationTests" />
    <testcase name="HappyPathShowsForm" assertions="2" time="0.105342" status="Passed" classname="HybridClientTests.InitializationTests" />
    <testcase name="SilentDeviceNotProvisionedWaitsForActivation" assertions="3" time="5.155089" status="Passed" classname="HybridClientTests.InitializationTests" />
  </testsuite>
  <testsuite tests="15" time="0.130351" errors="0" failures="0" skipped="0" timestamp="2020-02-14 06:33:08Z" name="HybridClientTests.dll.HybridClientTests.InvokedActionTests.">
    <testcase name="CanCloseApp" assertions="1" time="0.067783" status="Passed" classname="HybridClientTests.InvokedActionTests" />
    <testcase name="CanForceScan" assertions="4" time="0.004567" status="Passed" classname="HybridClientTests.InvokedActionTests" />
    <testcase name="CanInvokeUpgradeWithAlertCommand" assertions="1" time="0.004590" status="Passed" classname="HybridClientTests.InvokedActionTests" />
    <testcase name="CanOpenPicker" assertions="1" time="0.004938" status="Passed" classname="HybridClientTests.InvokedActionTests" />
    <testcase name="CanOpenSupport" assertions="1" time="0.030011" status="Passed" classname="HybridClientTests.InvokedActionTests" />
    <testcase name="CanSendMandatoryClientUpgradeAlert" assertions="2" time="0.001609" status="Passed" classname="HybridClientTests.InvokedActionTests" />
    <testcase name="CanVisitWebsiteLink" assertions="1" time="0.001386" status="Passed" classname="HybridClientTests.InvokedActionTests" />
    <testcase name="MessageSentForDriveDoesNotSupport" assertions="4" time="0.004177" status="Passed" classname="HybridClientTests.InvokedActionTests" />
    <testcase name="MessageSentForErrorSelectingFolder" assertions="4" time="0.001852" status="Passed" classname="HybridClientTests.InvokedActionTests" />
    <testcase name="MessageSentForIllegalPath" assertions="4" time="0.001089" status="Passed" classname="HybridClientTests.InvokedActionTests" />
    <testcase name="MessageSentForNoSelectedFolder" assertions="4" time="0.001758" status="Passed" classname="HybridClientTests.InvokedActionTests" />
    <testcase name="MessageSentForNullResult" assertions="4" time="0.001756" status="Passed" classname="HybridClientTests.InvokedActionTests" />
    <testcase name="MessageSentForSelectedFolderExcluded" assertions="4" time="0.001024" status="Passed" classname="HybridClientTests.InvokedActionTests" />
    <testcase name="MessageSentForSelectedFolderIncluded" assertions="3" time="0.001017" status="Passed" classname="HybridClientTests.InvokedActionTests" />
    <testcase name="MessageSentForSelectedFolderRootAndAllFilesCategory" assertions="4" time="0.002454" status="Passed" classname="HybridClientTests.InvokedActionTests" />
  </testsuite>
  <testsuite tests="14" time="0.659518" errors="0" failures="0" skipped="0" timestamp="2020-02-14 06:33:08Z" name="HybridClientTests.dll.HybridClientTests.ProtectSetTests.">
    <testcase name="ActiveExcludedCategoryDefaultsToInternalDrives" assertions="4" time="0.543938" status="Passed" classname="HybridClientTests.ProtectSetTests" />
    <testcase name="CanAddNewFileSet" assertions="6" time="0.047634" status="Passed" classname="HybridClientTests.ProtectSetTests" />
    <testcase name="CanDeleteCustomFileCategory" assertions="1" time="0.007346" status="Passed" classname="HybridClientTests.ProtectSetTests" />
    <testcase name="CanExcludeCustomCategoryAllDrives" assertions="5" time="0.006741" status="Passed" classname="HybridClientTests.ProtectSetTests" />
    <testcase name="CanExcludeCustomCategoryTwoFolders" assertions="6" time="0.009144" status="Passed" classname="HybridClientTests.ProtectSetTests" />
    <testcase name="CanExcludeDocuments" assertions="3" time="0.004803" status="Passed" classname="HybridClientTests.ProtectSetTests" />
    <testcase name="CanIncludeCustomCategoryTwoFolders" assertions="7" time="0.006023" status="Passed" classname="HybridClientTests.ProtectSetTests" />
    <testcase name="CanIncludeDocuments" assertions="3" time="0.004860" status="Passed" classname="HybridClientTests.ProtectSetTests" />
    <testcase name="CanMergeEnterpriseAndPersonalBackupPolicy" assertions="15" time="0.005316" status="Passed" classname="HybridClientTests.ProtectSetTests" />
    <testcase name="CanSendSavePolicyMessageWithMessagingFailure" assertions="5" time="0.004290" status="Passed" classname="HybridClientTests.ProtectSetTests" />
    <testcase name="CanSendSavePolicyMessageWithSavingFailure" assertions="4" time="0.002895" status="Passed" classname="HybridClientTests.ProtectSetTests" />
    <testcase name="CanSendSavePolicySuccessMessage" assertions="2" time="0.009337" status="Passed" classname="HybridClientTests.ProtectSetTests" />
    <testcase name="InactiveExcludedCategoryDefaultsToInternalDrives" assertions="4" time="0.002734" status="Passed" classname="HybridClientTests.ProtectSetTests" />
    <testcase name="IsPersonalPolicyFlagIsSetCorrectly" assertions="5" time="0.004081" status="Passed" classname="HybridClientTests.ProtectSetTests" />
  </testsuite>
  <testsuite tests="13" time="0.169940" errors="0" failures="0" skipped="0" timestamp="2020-02-14 06:33:09Z" name="HybridClientTests.dll.HybridClientTests.RecentActivityTests.">
    <testcase name="CanIgnoreOldMessages" assertions="8" time="0.009418" status="Passed" classname="HybridClientTests.RecentActivityTests" />
    <testcase name="CanKeepMessagesInOrder" assertions="8" time="0.011684" status="Passed" classname="HybridClientTests.RecentActivityTests" />
    <testcase name="CanProduceEmptyList" assertions="4" time="0.004974" status="Passed" classname="HybridClientTests.RecentActivityTests" />
    <testcase name="CanProduceNonEmptyList" assertions="4" time="0.004435" status="Passed" classname="HybridClientTests.RecentActivityTests" />
    <testcase name="CanSendInfoOnLastRestoreWithErrors" assertions="2" time="0.012430" status="Passed" classname="HybridClientTests.RecentActivityTests" />
    <testcase name="CanSendInfoOnLastSuccessfulRestore" assertions="2" time="0.003031" status="Passed" classname="HybridClientTests.RecentActivityTests" />
    <testcase name="CanSendProcessingSetDetails" assertions="5" time="0.033247" status="Passed" classname="HybridClientTests.RecentActivityTests" />
    <testcase name="CanSendRestoreJobDetails" assertions="6" time="0.022007" status="Passed" classname="HybridClientTests.RecentActivityTests" />
    <testcase name="CanSendVaultEraseJobDetails" assertions="6" time="0.023375" status="Passed" classname="HybridClientTests.RecentActivityTests" />
    <testcase name="CantFindDetailsForIdFails" assertions="2" time="0.016912" status="Passed" classname="HybridClientTests.RecentActivityTests" />
    <testcase name="DetailRequestCanSendCatalogSyncError" assertions="4" time="0.014384" status="Passed" classname="HybridClientTests.RecentActivityTests" />
    <testcase name="EndDateIncludedOnCompleteProcessingSet" assertions="4" time="0.007818" status="Passed" classname="HybridClientTests.RecentActivityTests" />
    <testcase name="EndDateNotIncludedOnIncompleteProcessingSet" assertions="4" time="0.005937" status="Passed" classname="HybridClientTests.RecentActivityTests" />
  </testsuite>
  <testsuite tests="22" time="0.269499" errors="0" failures="0" skipped="0" timestamp="2020-02-14 06:33:09Z" name="HybridClientTests.dll.HybridClientTests.RestoreTests.">
    <testcase name="CanCommitRestoreOnHappyPath" assertions="4" time="0.079145" status="Passed" classname="HybridClientTests.RestoreTests" />
    <testcase name="CantWriteToSelectedLocationSendsErrorMessage" assertions="3" time="0.006706" status="Passed" classname="HybridClientTests.RestoreTests" />
    <testcase name="CatalogSearchCanSendCantLoadError" assertions="5" time="0.021262" status="Passed" classname="HybridClientTests.RestoreTests" />
    <testcase name="CatalogSearchCreatesMessageOnHappyPath" assertions="4" time="0.017213" status="Passed" classname="HybridClientTests.RestoreTests" />
    <testcase name="CommitWithNoLocationSendsError" assertions="6" time="0.014440" status="Passed" classname="HybridClientTests.RestoreTests" />
    <testcase name="CreateRestoreJobMessageCanError" assertions="4" time="0.014022" status="Passed" classname="HybridClientTests.RestoreTests" />
    <testcase name="CreateRestoreJobMessageCanResultInAllGood" assertions="3" time="0.013215" status="Passed" classname="HybridClientTests.RestoreTests" />
    <testcase name="NewJobInformationTriggersMessage" assertions="2" time="0.003929" status="Passed" classname="HybridClientTests.RestoreTests" />
    <testcase name="NoFolderSelectedSendsCancelledMessage" assertions="2" time="0.001959" status="Passed" classname="HybridClientTests.RestoreTests" />
    <testcase name="NonWritableSelectedFolderSendsErrorMessage" assertions="4" time="0.014858" status="Passed" classname="HybridClientTests.RestoreTests" />
    <testcase name="NothingSelectedSendsUnidentifiableError" assertions="3" time="0.002470" status="Passed" classname="HybridClientTests.RestoreTests" />
    <testcase name="RestoreFileDetailsContainsSizeForBigFile" assertions="4" time="0.004375" status="Passed" classname="HybridClientTests.RestoreTests" />
    <testcase name="RestoreFileDetailsOmitsSizeForSmallFile" assertions="3" time="0.002275" status="Passed" classname="HybridClientTests.RestoreTests" />
    <testcase name="RestoreStatusKnowsWhenDownloadingIsDone" assertions="4" time="0.002074" status="Passed" classname="HybridClientTests.RestoreTests" />
    <testcase name="RestoreStatusReportsDownloadingBlocks" assertions="5" time="0.003425" status="Passed" classname="HybridClientTests.RestoreTests" />
    <testcase name="RestoreStatusReportsOnSignatures" assertions="4" time="0.002042" status="Passed" classname="HybridClientTests.RestoreTests" />
    <testcase name="SuggestedDateRequestSendsMessage" assertions="2" time="0.041610" status="Passed" classname="HybridClientTests.RestoreTests" />
    <testcase name="UnstartedRestoreJobIsPreparingToRestore" assertions="2" time="0.002367" status="Passed" classname="HybridClientTests.RestoreTests" />
    <testcase name="UserPolicyCanFailRestorabilityWithCannedMessage" assertions="4" time="0.002854" status="Passed" classname="HybridClientTests.RestoreTests" />
    <testcase name="UserPolicyCanFailRestorabilityWithCustomMessage" assertions="4" time="0.002463" status="Passed" classname="HybridClientTests.RestoreTests" />
    <testcase name="UserPolicyCanPassRestorability" assertions="3" time="0.002219" status="Passed" classname="HybridClientTests.RestoreTests" />
    <testcase name="WritableSelectedFolderSendsCorrectMessage" assertions="5" time="0.013460" status="Passed" classname="HybridClientTests.RestoreTests" />
  </testsuite>
  <testsuite tests="1" time="0.001004" errors="0" failures="0" skipped="0" timestamp="2020-02-14 06:33:09Z" name="HybridClientTests.dll.HybridClientTests.ServiceCommunicationErrorBrainTests.">
    <testcase name="SendsUpdateConfigMessageWhenServiceCommunicationError" assertions="1" time="0.000892" status="Passed" classname="HybridClientTests.ServiceCommunicationErrorBrainTests" />
  </testsuite>
  <testsuite tests="10" time="0.237307" errors="0" failures="0" skipped="0" timestamp="2020-02-14 06:33:09Z" name="HybridClientTests.dll.HybridClientTests.SettingsTests.">
    <testcase name="BrainSendsSettingsUponRequest" assertions="2" time="0.020010" status="Passed" classname="HybridClientTests.SettingsTests" />
    <testcase name="CanOverrideErrorWhenCantFindProxyScript" assertions="3" time="0.059366" status="Passed" classname="HybridClientTests.SettingsTests" />
    <testcase name="CanOverrideFailedParseOfProxyServer" assertions="3" time="0.016358" status="Passed" classname="HybridClientTests.SettingsTests" />
    <testcase name="CanSaveProxyHappyPath" assertions="3" time="0.012978" status="Passed" classname="HybridClientTests.SettingsTests" />
    <testcase name="DoesntSaveUnchangedSettings" assertions="3" time="0.006867" status="Passed" classname="HybridClientTests.SettingsTests" />
    <testcase name="SavingScriptProxySavesScriptContent" assertions="3" time="0.106138" status="Passed" classname="HybridClientTests.SettingsTests" />
    <testcase name="SavingSettingsCanSendFailure" assertions="2" time="0.004612" status="Passed" classname="HybridClientTests.SettingsTests" />
    <testcase name="SavingSettingsCanSendSuccess" assertions="3" time="0.004811" status="Passed" classname="HybridClientTests.SettingsTests" />
    <testcase name="SendsCorrentErrorWhenCantFindProxyScript" assertions="2" time="0.001992" status="Passed" classname="HybridClientTests.SettingsTests" />
    <testcase name="SendsCorrentErrorWhenCantParseProxyServer" assertions="2" time="0.003915" status="Passed" classname="HybridClientTests.SettingsTests" />
  </testsuite>
  <testsuite tests="5" time="0.009838" errors="0" failures="0" skipped="0" timestamp="2020-02-14 06:33:10Z" name="HybridClientTests.dll.HybridClientTests.UnspecificTests.">
    <testcase name="BaseMessageSendsJson" assertions="3" time="0.001041" status="Passed" classname="HybridClientTests.UnspecificTests" />
    <testcase name="CanParseJsonArray" assertions="3" time="0.005370" status="Passed" classname="HybridClientTests.UnspecificTests" />
    <testcase name="CanSetAlertReplacementAsBytes" assertions="1" time="0.001084" status="Passed" classname="HybridClientTests.UnspecificTests" />
    <testcase name="CanSetAlertReplacementAsNumber" assertions="1" time="0.001119" status="Passed" classname="HybridClientTests.UnspecificTests" />
    <testcase name="CanSetAlertReplacementAsPercent" assertions="1" time="0.001074" status="Passed" classname="HybridClientTests.UnspecificTests" />
  </testsuite>
  <testsuite tests="10" time="0.091261" errors="0" failures="0" skipped="0" timestamp="2020-02-14 06:33:10Z" name="HybridClientTests.dll.HybridClientTests.VaultEraseTests.">
    <testcase name="ConfirmedVaultEraseCancelsRunningJob" assertions="1" time="0.008025" status="Passed" classname="HybridClientTests.VaultEraseTests" />
    <testcase name="ConfirmedVaultEraseHappyPath" assertions="3" time="0.024817" status="Passed" classname="HybridClientTests.VaultEraseTests" />
    <testcase name="ConfirmedVaultEraseRecognizesCatalogSyncing" assertions="3" time="0.013522" status="Passed" classname="HybridClientTests.VaultEraseTests" />
    <testcase name="ConfirmedVaultEraseRecognizesFailedSubmission" assertions="3" time="0.026876" status="Passed" classname="HybridClientTests.VaultEraseTests" />
    <testcase name="InitiateVaultEraseCanReturnAllGood" assertions="2" time="0.002958" status="Passed" classname="HybridClientTests.VaultEraseTests" />
    <testcase name="InitiateVaultEraseCanReturnVaultEraseAlreadyRunning" assertions="2" time="0.002041" status="Passed" classname="HybridClientTests.VaultEraseTests" />
    <testcase name="InitiateVaultEraseFailsWithNoLocations" assertions="2" time="0.001739" status="Passed" classname="HybridClientTests.VaultEraseTests" />
    <testcase name="InitiateVaultEraseRecognizesVaultOffline" assertions="2" time="0.001901" status="Passed" classname="HybridClientTests.VaultEraseTests" />
    <testcase name="UserPolicyCanAllowAccessToVaultErase" assertions="3" time="0.005631" status="Passed" classname="HybridClientTests.VaultEraseTests" />
    <testcase name="UserPolicyCanDenyAccessToVaultErase" assertions="3" time="0.003427" status="Passed" classname="HybridClientTests.VaultEraseTests" />
  </testsuite>
</testsuites>