<testsuites tests="19" failures="0" disabled="0" time="3.940340">ExcludeFromBuild<testsuite tests="4" time="0.659083" errors="2" failures="0" skipped="0" timestamp="2020-02-14 06:26:47Z" name="Testing.Client.Infrastructure.dll.Testing.Client.Infrastructure.BlockAlgRdcTest."><testcase name="BlockingAllZeros" assertions="257" time="0.642871" status="Passed" classname="Testing.Client.Infrastructure.BlockAlgRdcTest" /><testcase name="BlockingEdgeCases" assertions="39" time="0.000880" status="Passed" classname="Testing.Client.Infrastructure.BlockAlgRdcTest" /></testsuite><testsuite tests="6" time="0.249231" errors="0" failures="0" skipped="0" timestamp="2020-02-14 06:26:48Z" name="Testing.Client.Infrastructure.dll.Testing.Client.Infrastructure.TestBlockAlgorithmConfig."><testcase name="TestBlockAlgExtensionSpecific" assertions="9" time="0.011876" status="Passed" classname="Testing.Client.Infrastructure.TestBlockAlgorithmConfig" /><testcase name="TestBlockAlgorithmfactory" assertions="11" time="0.001801" status="Passed" classname="Testing.Client.Infrastructure.TestBlockAlgorithmConfig" /><testcase name="TestBlockAlgorithmfactoryFixed" assertions="11" time="0.002112" status="Passed" classname="Testing.Client.Infrastructure.TestBlockAlgorithmConfig" /><testcase name="TestBlockAlgorithmfactoryInvalidInput" assertions="7" time="0.229891" status="Passed" classname="Testing.Client.Infrastructure.TestBlockAlgorithmConfig" /><testcase name="TestBlockAlgorithmfactoryLegacy" assertions="11" time="0.002562" status="Passed" classname="Testing.Client.Infrastructure.TestBlockAlgorithmConfig" /><testcase name="TestV1V2Algorithms" assertions="4" time="0.000761" status="Passed" classname="Testing.Client.Infrastructure.TestBlockAlgorithmConfig" /></testsuite><testsuite tests="4" time="0.698365" errors="0" failures="0" skipped="0" timestamp="2020-02-14 06:26:48Z" name="Testing.Client.Infrastructure.dll.Testing.Client.Infrastructure.TestBlockEngine."><testcase name="DirectCompressionProducesExpectedEncodedBlock_EndOfContent" assertions="27" time="0.309945" status="Passed" classname="Testing.Client.Infrastructure.TestBlockEngine" /><testcase name="DirectCompressionProducesExpectedEncodedBlock_EntireContent" assertions="27" time="0.001182" status="Passed" classname="Testing.Client.Infrastructure.TestBlockEngine" /><testcase name="DirectCompressionProducesExpectedEncodedBlock_MiddleOfContent" assertions="27" time="0.001056" status="Passed" classname="Testing.Client.Infrastructure.TestBlockEngine" /><testcase name="DirectCompressionProducesExpectedEncodedBlock_OneByteOffset" assertions="27" time="0.000993" status="Passed" classname="Testing.Client.Infrastructure.TestBlockEngine" /></testsuite><testsuite tests="5" time="0.744320" errors="0" failures="0" skipped="0" timestamp="2020-02-14 06:26:49Z" name="Testing.Client.Infrastructure.dll.Testing.Client.Infrastructure.TestGZipWrappers."><testcase name="CheckKnownCompressionHashes" assertions="5" time="0.034982" status="Passed" classname="Testing.Client.Infrastructure.TestGZipWrappers" /><testcase name="CompareDirectAndManagedGZip" assertions="282289" time="0.441613" status="Passed" classname="Testing.Client.Infrastructure.TestGZipWrappers" /><testcase name="CompareDirectAndNativeGZip" assertions="91875" time="0.162287" status="Passed" classname="Testing.Client.Infrastructure.TestGZipWrappers" /><testcase name="TestClientStartupGzipCheck" assertions="6" time="0.092792" status="Passed" classname="Testing.Client.Infrastructure.TestGZipWrappers" /><testcase name="TestSmallOutputBufferError" assertions="3" time="0.009284" status="Passed" classname="Testing.Client.Infrastructure.TestGZipWrappers" /></testsuite></testsuites>