<testsuites tests="39" failures="0" disabled="1" time="3.326958">NeedsExternalConfig<testsuite tests="2" time="0.095967" errors="0" failures="0" skipped="1" timestamp="2020-02-14 06:26:54Z" name="Testing.Datacastle.Vault.Service.dll.Testing.Datacastle.Vault.Service.TestBasicAPI."><testcase name="BingApiKeyCanBeEncryptedAndDecrypted" assertions="2" time="0.074003" status="Passed" classname="Testing.Datacastle.Vault.Service.TestBasicAPI" /><testcase name="TestDeleteLocationHistoryFromDashboard" assertions="0" time="0.000878" status="Skipped" classname="Testing.Datacastle.Vault.Service.TestBasicAPI"><skipped /><skipped message="Ignored by Luke W. McCullough 30 April 2018, Commit 421abc98" /></testcase></testsuite><testsuite tests="7" time="0.116241" errors="0" failures="0" skipped="0" timestamp="2020-02-14 06:26:54Z" name="Testing.Datacastle.Vault.Service.dll.Testing.Datacastle.Vault.Service.TestBlockConfirmationMessage."><testcase name="BlockConfirmationMessageOverview" assertions="49" time="0.088957" status="Passed" classname="Testing.Datacastle.Vault.Service.TestBlockConfirmationMessage" /><testcase name="TestBlockConfirmationMessageRndRequest" assertions="58" time="0.001599" status="Passed" classname="Testing.Datacastle.Vault.Service.TestBlockConfirmationMessage" /><testcase name="TestCorruptMessageBogusRdnReference" assertions="2" time="0.005162" status="Passed" classname="Testing.Datacastle.Vault.Service.TestBlockConfirmationMessage" /><testcase name="TestCorruptMessageBogusRdnReference2" assertions="2" time="0.001820" status="Passed" classname="Testing.Datacastle.Vault.Service.TestBlockConfirmationMessage" /><testcase name="TestCorruptMessageInvalidListSize" assertions="14" time="0.010058" status="Passed" classname="Testing.Datacastle.Vault.Service.TestBlockConfirmationMessage" /><testcase name="TestCorruptMessageNegativeBlockSize" assertions="2" time="0.001240" status="Passed" classname="Testing.Datacastle.Vault.Service.TestBlockConfirmationMessage" /><testcase name="TestTruncatedBlockConfirmationMessage" assertions="3" time="0.006972" status="Passed" classname="Testing.Datacastle.Vault.Service.TestBlockConfirmationMessage" /></testsuite><testsuite tests="11" time="1.740979" errors="6" failures="0" skipped="0" timestamp="2020-02-14 06:26:54Z" name="Testing.Datacastle.Vault.Service.dll.Testing.Datacastle.Vault.Service.TestBlockConfirmationProcessing."><testcase name="TestBlockConfMissMissing" assertions="7" time="0.046240" status="Passed" classname="Testing.Datacastle.Vault.Service.TestBlockConfirmationProcessing" /><testcase name="TestBlockConfOff" assertions="63" time="0.001887" status="Passed" classname="Testing.Datacastle.Vault.Service.TestBlockConfirmationProcessing" /><testcase name="TestBlockConfOn" assertions="53" time="0.034994" status="Passed" classname="Testing.Datacastle.Vault.Service.TestBlockConfirmationProcessing" /><testcase name="TestDetermineWhatBlocksShouldBeAssumedToBeOnTheVault" assertions="1790" time="0.004160" status="Passed" classname="Testing.Datacastle.Vault.Service.TestBlockConfirmationProcessing" /><testcase name="TestQCBlocksStoredAndConfirmed" assertions="55" time="0.000912" status="Passed" classname="Testing.Datacastle.Vault.Service.TestBlockConfirmationProcessing" /></testsuite><testsuite tests="8" time="0.102029" errors="0" failures="0" skipped="0" timestamp="2020-02-14 06:26:56Z" name="Testing.Datacastle.Vault.Service.dll.Testing.Datacastle.Vault.Service.TestCheckServerStatusRoundTripBlob."><testcase name="ClientCSSRoundTripBlobBackwardCompatibility" assertions="2" time="0.004918" status="Passed" classname="Testing.Datacastle.Vault.Service.TestCheckServerStatusRoundTripBlob" /><testcase name="ClientCSSRoundTripBlobCurrentActivity" assertions="135" time="0.072630" status="Passed" classname="Testing.Datacastle.Vault.Service.TestCheckServerStatusRoundTripBlob" /><testcase name="ClientCSSRoundTripBlobEmpty" assertions="10" time="0.002579" status="Passed" classname="Testing.Datacastle.Vault.Service.TestCheckServerStatusRoundTripBlob" /><testcase name="ClientCSSRoundTripBlobOverview" assertions="22" time="0.006668" status="Passed" classname="Testing.Datacastle.Vault.Service.TestCheckServerStatusRoundTripBlob" /><testcase name="DeviceRequestStateInitFromDb" assertions="24" time="0.005031" status="Passed" classname="Testing.Datacastle.Vault.Service.TestCheckServerStatusRoundTripBlob" /><testcase name="DeviceRequestStateItemsEmpty" assertions="8" time="0.001560" status="Passed" classname="Testing.Datacastle.Vault.Service.TestCheckServerStatusRoundTripBlob" /><testcase name="DeviceRequestStateItemsSerialization" assertions="24" time="0.001040" status="Passed" classname="Testing.Datacastle.Vault.Service.TestCheckServerStatusRoundTripBlob" /><testcase name="LocationDistanceCalculation" assertions="7" time="0.006741" status="Passed" classname="Testing.Datacastle.Vault.Service.TestCheckServerStatusRoundTripBlob" /></testsuite><testsuite tests="1" time="0.003546" errors="0" failures="0" skipped="0" timestamp="2020-02-14 06:26:56Z" name="Testing.Datacastle.Vault.Service.dll.Testing.Datacastle.Vault.Service.TestDbInteractionHistory."><testcase name="SanityCheck" assertions="26" time="0.003294" status="Passed" classname="Testing.Datacastle.Vault.Service.TestDbInteractionHistory" /></testsuite><testsuite tests="3" time="0.011598" errors="0" failures="0" skipped="0" timestamp="2020-02-14 06:26:56Z" name="Testing.Datacastle.Vault.Service.dll.Testing.Datacastle.Vault.Service.TestEncryptDecrypt."><testcase name="AllOverloadsOfEncryptBehaveSame" assertions="1" time="0.002690" status="Passed" classname="Testing.Datacastle.Vault.Service.TestEncryptDecrypt" /><testcase name="DifferentOverloadsOfEncryptAndDecryptCanInteroperate" assertions="2" time="0.002529" status="Passed" classname="Testing.Datacastle.Vault.Service.TestEncryptDecrypt" /><testcase name="TestToAndFromXmlPassword" assertions="9" time="0.006252" status="Passed" classname="Testing.Datacastle.Vault.Service.TestEncryptDecrypt" /></testsuite><testsuite tests="7" time="0.149038" errors="0" failures="0" skipped="0" timestamp="2020-02-14 06:26:56Z" name="Testing.Datacastle.Vault.Service.dll.Testing.Datacastle.Vault.Service.TestSecureStringHelper."><testcase name="TestBytesToBase64EncodedSecureString" assertions="2" time="0.009393" status="Passed" classname="Testing.Datacastle.Vault.Service.TestSecureStringHelper" /><testcase name="TestCopyTo" assertions="140" time="0.127551" status="Passed" classname="Testing.Datacastle.Vault.Service.TestSecureStringHelper" /><testcase name="TestGetByteCount" assertions="140" time="0.002692" status="Passed" classname="Testing.Datacastle.Vault.Service.TestSecureStringHelper" /><testcase name="TestSecureStringCreatedByDifferentOverloadsAreSame" assertions="150" time="0.004514" status="Passed" classname="Testing.Datacastle.Vault.Service.TestSecureStringHelper" /><testcase name="TestSecureStringsFromDifferentStringsAreNotEqual" assertions="3" time="0.001760" status="Passed" classname="Testing.Datacastle.Vault.Service.TestSecureStringHelper" /><testcase name="TestSecureStringsFromSameStringAreEqual" assertions="3" time="0.000381" status="Passed" classname="Testing.Datacastle.Vault.Service.TestSecureStringHelper" /><testcase name="TestSecureStringToCharArray" assertions="1" time="0.002538" status="Passed" classname="Testing.Datacastle.Vault.Service.TestSecureStringHelper" /></testsuite></testsuites>